<?xml version="1.0" encoding="UTF-8"?>
<testsuite name="com.store.walmart.ControllerTest" tests="10" skipped="0" failures="0" errors="0" timestamp="2021-04-27T22:10:41" hostname="DESKTOP-JQ39NDF" time="1.354">
  <properties/>
  <testcase name="should_not_create_order_with_invalid_customerId_and_return_404_not_found()" classname="com.store.walmart.ControllerTest" time="0.703"/>
  <testcase name="should_get_recommendation_for_user_with_200_ok()" classname="com.store.walmart.ControllerTest" time="0.229"/>
  <testcase name="should_not_update_customer_name_with_invalid_customerId_and_return_404_not_found()" classname="com.store.walmart.ControllerTest" time="0.022"/>
  <testcase name="should_delete_item_with_204_not_content()" classname="com.store.walmart.ControllerTest" time="0.129"/>
  <testcase name="should_update_order_qty_with_204_not_content()" classname="com.store.walmart.ControllerTest" time="0.016"/>
  <testcase name="should_update_customer_name_with_200_OK()" classname="com.store.walmart.ControllerTest" time="0.065"/>
  <testcase name="should_create_order_with_200_OK()" classname="com.store.walmart.ControllerTest" time="0.084"/>
  <testcase name="should_not_create_new_customer_with_invalid_request_and_return_400_bad_request()" classname="com.store.walmart.ControllerTest" time="0.058"/>
  <testcase name="should_create_new_customer_with_200_OK()" classname="com.store.walmart.ControllerTest" time="0.019"/>
  <testcase name="should_not_update_order_qty_with_invalid_order_id_and_return_404()" classname="com.store.walmart.ControllerTest" time="0.015"/>
  <system-out><![CDATA[18:10:29.548 [Test worker] DEBUG org.springframework.test.context.BootstrapUtils - Instantiating CacheAwareContextLoaderDelegate from class [org.springframework.test.context.cache.DefaultCacheAwareContextLoaderDelegate]
18:10:29.580 [Test worker] DEBUG org.springframework.test.context.BootstrapUtils - Instantiating BootstrapContext using constructor [public org.springframework.test.context.support.DefaultBootstrapContext(java.lang.Class,org.springframework.test.context.CacheAwareContextLoaderDelegate)]
18:10:29.666 [Test worker] DEBUG org.springframework.test.context.BootstrapUtils - Instantiating TestContextBootstrapper for test class [com.store.walmart.ControllerTest] from class [org.springframework.boot.test.context.SpringBootTestContextBootstrapper]
18:10:29.680 [Test worker] INFO org.springframework.boot.test.context.SpringBootTestContextBootstrapper - Neither @ContextConfiguration nor @ContextHierarchy found for test class [com.store.walmart.ControllerTest], using SpringBootContextLoader
18:10:29.689 [Test worker] DEBUG org.springframework.test.context.support.AbstractContextLoader - Did not detect default resource location for test class [com.store.walmart.ControllerTest]: class path resource [com/store/walmart/ControllerTest-context.xml] does not exist
18:10:29.694 [Test worker] DEBUG org.springframework.test.context.support.AbstractContextLoader - Did not detect default resource location for test class [com.store.walmart.ControllerTest]: class path resource [com/store/walmart/ControllerTestContext.groovy] does not exist
18:10:29.695 [Test worker] INFO org.springframework.test.context.support.AbstractContextLoader - Could not detect default resource locations for test class [com.store.walmart.ControllerTest]: no resource found for suffixes {-context.xml, Context.groovy}.
18:10:29.790 [Test worker] DEBUG org.springframework.test.context.support.ActiveProfilesUtils - Could not find an 'annotation declaring class' for annotation type [org.springframework.test.context.ActiveProfiles] and class [com.store.walmart.ControllerTest]
18:10:30.153 [Test worker] DEBUG org.springframework.boot.test.context.SpringBootTestContextBootstrapper - @TestExecutionListeners is not present for class [com.store.walmart.ControllerTest]: using defaults.
18:10:30.154 [Test worker] INFO org.springframework.boot.test.context.SpringBootTestContextBootstrapper - Loaded default TestExecutionListener class names from location [META-INF/spring.factories]: [org.springframework.boot.test.autoconfigure.restdocs.RestDocsTestExecutionListener, org.springframework.boot.test.autoconfigure.web.client.MockRestServiceServerResetTestExecutionListener, org.springframework.boot.test.autoconfigure.web.servlet.MockMvcPrintOnlyOnFailureTestExecutionListener, org.springframework.boot.test.autoconfigure.web.servlet.WebDriverTestExecutionListener, org.springframework.boot.test.autoconfigure.webservices.client.MockWebServiceServerTestExecutionListener, org.springframework.boot.test.mock.mockito.MockitoTestExecutionListener, org.springframework.boot.test.mock.mockito.ResetMocksTestExecutionListener, org.springframework.test.context.web.ServletTestExecutionListener, org.springframework.test.context.support.DirtiesContextBeforeModesTestExecutionListener, org.springframework.test.context.event.ApplicationEventsTestExecutionListener, org.springframework.test.context.support.DependencyInjectionTestExecutionListener, org.springframework.test.context.support.DirtiesContextTestExecutionListener, org.springframework.test.context.transaction.TransactionalTestExecutionListener, org.springframework.test.context.jdbc.SqlScriptsTestExecutionListener, org.springframework.test.context.event.EventPublishingTestExecutionListener]
18:10:30.199 [Test worker] INFO org.springframework.boot.test.context.SpringBootTestContextBootstrapper - Using TestExecutionListeners: [org.springframework.test.context.web.ServletTestExecutionListener@137a472, org.springframework.test.context.support.DirtiesContextBeforeModesTestExecutionListener@566adcaf, org.springframework.test.context.event.ApplicationEventsTestExecutionListener@4cd114cf, org.springframework.boot.test.mock.mockito.MockitoTestExecutionListener@cd11860, org.springframework.boot.test.autoconfigure.SpringBootDependencyInjectionTestExecutionListener@307939bc, org.springframework.test.context.support.DirtiesContextTestExecutionListener@30f604b8, org.springframework.test.context.transaction.TransactionalTestExecutionListener@74c50905, org.springframework.test.context.jdbc.SqlScriptsTestExecutionListener@70531de5, org.springframework.test.context.event.EventPublishingTestExecutionListener@99e7e8a, org.springframework.boot.test.autoconfigure.restdocs.RestDocsTestExecutionListener@94d68c5, org.springframework.boot.test.autoconfigure.web.client.MockRestServiceServerResetTestExecutionListener@551cc5c8, org.springframework.boot.test.autoconfigure.web.servlet.MockMvcPrintOnlyOnFailureTestExecutionListener@3d4856bb, org.springframework.boot.test.autoconfigure.web.servlet.WebDriverTestExecutionListener@47d815b6, org.springframework.boot.test.autoconfigure.webservices.client.MockWebServiceServerTestExecutionListener@25b146c8, org.springframework.boot.test.mock.mockito.ResetMocksTestExecutionListener@16b0e533]
18:10:30.210 [Test worker] DEBUG org.springframework.test.context.support.AbstractDirtiesContextTestExecutionListener - Before test class: context [DefaultTestContext@1784175 testClass = ControllerTest, testInstance = [null], testMethod = [null], testException = [null], mergedContextConfiguration = [WebMergedContextConfiguration@6e7a0660 testClass = ControllerTest, locations = '{}', classes = '{class com.store.walmart.WalmartApplication}', contextInitializerClasses = '[]', activeProfiles = '{}', propertySourceLocations = '{}', propertySourceProperties = '{org.springframework.boot.test.context.SpringBootTestContextBootstrapper=true}', contextCustomizers = set[org.springframework.boot.test.autoconfigure.actuate.metrics.MetricsExportContextCustomizerFactory$DisableMetricExportContextCustomizer@24d2419e, org.springframework.boot.test.autoconfigure.properties.PropertyMappingContextCustomizer@0, org.springframework.boot.test.autoconfigure.web.servlet.WebDriverContextCustomizerFactory$Customizer@21ea13bc, org.springframework.boot.test.context.filter.ExcludeFilterContextCustomizer@7d3bbc3f, org.springframework.boot.test.json.DuplicateJsonObjectContextCustomizerFactory$DuplicateJsonObjectContextCustomizer@26700b64, org.springframework.boot.test.mock.mockito.MockitoContextCustomizer@0, org.springframework.boot.test.web.client.TestRestTemplateContextCustomizer@550a7e6c, org.springframework.boot.test.context.SpringBootTestArgs@1, org.springframework.boot.test.context.SpringBootTestWebEnvironment@3a6eedc9], resourceBasePath = 'src/main/webapp', contextLoader = 'org.springframework.boot.test.context.SpringBootContextLoader', parent = [null]], attributes = map['org.springframework.test.context.web.ServletTestExecutionListener.activateListener' -> true]], class annotated with @DirtiesContext [false] with mode [null].
18:10:30.296 [Test worker] DEBUG org.springframework.test.context.support.TestPropertySourceUtils - Adding inlined properties to environment: {spring.jmx.enabled=false, org.springframework.boot.test.context.SpringBootTestContextBootstrapper=true}

  .   ____          _            __ _ _
 /\\ / ___'_ __ _ _(_)_ __  __ _ \ \ \ \
( ( )\___ | '_ | '_| | '_ \/ _` | \ \ \ \
 \\/  ___)| |_)| | | | | || (_| |  ) ) ) )
  '  |____| .__|_| |_|_| |_\__, | / / / /
 =========|_|==============|___/=/_/_/_/
 :: Spring Boot ::                (v2.4.5)

2021-04-27 18:10:30.910  INFO 21376 --- [    Test worker] com.store.walmart.ControllerTest         : Starting ControllerTest using Java 1.8.0_291 on DESKTOP-JQ39NDF with PID 21376 (started by cjlin in C:\Users\cjlin\Downloads\walmart-20210427T203853Z-001\walmart)
2021-04-27 18:10:30.917  INFO 21376 --- [    Test worker] com.store.walmart.ControllerTest         : No active profile set, falling back to default profiles: default
2021-04-27 18:10:32.769  INFO 21376 --- [    Test worker] .s.d.r.c.RepositoryConfigurationDelegate : Bootstrapping Spring Data JPA repositories in DEFAULT mode.
2021-04-27 18:10:32.974  INFO 21376 --- [    Test worker] .s.d.r.c.RepositoryConfigurationDelegate : Finished Spring Data repository scanning in 173 ms. Found 4 JPA repository interfaces.
2021-04-27 18:10:34.209  INFO 21376 --- [    Test worker] com.zaxxer.hikari.HikariDataSource       : HikariPool-1 - Starting...
2021-04-27 18:10:34.667  INFO 21376 --- [    Test worker] com.zaxxer.hikari.HikariDataSource       : HikariPool-1 - Start completed.
2021-04-27 18:10:34.838  INFO 21376 --- [    Test worker] o.hibernate.jpa.internal.util.LogHelper  : HHH000204: Processing PersistenceUnitInfo [name: default]
2021-04-27 18:10:34.991  INFO 21376 --- [    Test worker] org.hibernate.Version                    : HHH000412: Hibernate ORM core version 5.4.30.Final
2021-04-27 18:10:35.383  INFO 21376 --- [    Test worker] o.hibernate.annotations.common.Version   : HCANN000001: Hibernate Commons Annotations {5.1.2.Final}
2021-04-27 18:10:35.775  INFO 21376 --- [    Test worker] org.hibernate.dialect.Dialect            : HHH000400: Using dialect: org.hibernate.dialect.H2Dialect
2021-04-27 18:10:36.710  WARN 21376 --- [    Test worker] org.hibernate.mapping.RootClass          : HHH000038: Composite-id class does not override equals(): com.store.walmart.entity.OrderLinesId
2021-04-27 18:10:36.710  WARN 21376 --- [    Test worker] org.hibernate.mapping.RootClass          : HHH000039: Composite-id class does not override hashCode(): com.store.walmart.entity.OrderLinesId
2021-04-27 18:10:37.623  INFO 21376 --- [    Test worker] o.h.e.t.j.p.i.JtaPlatformInitiator       : HHH000490: Using JtaPlatform implementation: [org.hibernate.engine.transaction.jta.platform.internal.NoJtaPlatform]
2021-04-27 18:10:37.647  INFO 21376 --- [    Test worker] j.LocalContainerEntityManagerFactoryBean : Initialized JPA EntityManagerFactory for persistence unit 'default'
2021-04-27 18:10:39.612  WARN 21376 --- [    Test worker] JpaBaseConfiguration$JpaWebConfiguration : spring.jpa.open-in-view is enabled by default. Therefore, database queries may be performed during view rendering. Explicitly configure spring.jpa.open-in-view to disable this warning
2021-04-27 18:10:40.612  INFO 21376 --- [    Test worker] o.s.s.concurrent.ThreadPoolTaskExecutor  : Initializing ExecutorService 'applicationTaskExecutor'
2021-04-27 18:10:40.794  INFO 21376 --- [    Test worker] o.s.b.a.h2.H2ConsoleAutoConfiguration    : H2 console available at '/h2-console'. Database available at 'jdbc:h2:mem:ordermanagement'
2021-04-27 18:10:41.682  INFO 21376 --- [    Test worker] com.store.walmart.ControllerTest         : Started ControllerTest in 11.369 seconds (JVM running for 14.551)
2021-04-27 18:10:41.897  INFO 21376 --- [    Test worker] o.s.b.t.m.w.SpringBootMockServletContext : Initializing Spring TestDispatcherServlet ''
2021-04-27 18:10:41.899  INFO 21376 --- [    Test worker] o.s.t.web.servlet.TestDispatcherServlet  : Initializing Servlet ''
2021-04-27 18:10:41.901  INFO 21376 --- [    Test worker] o.s.t.web.servlet.TestDispatcherServlet  : Completed initialization in 2 ms
2021-04-27 18:10:42.431  INFO 21376 --- [    Test worker] o.s.b.t.m.w.SpringBootMockServletContext : Initializing Spring TestDispatcherServlet ''
2021-04-27 18:10:42.431  INFO 21376 --- [    Test worker] o.s.t.web.servlet.TestDispatcherServlet  : Initializing Servlet ''
2021-04-27 18:10:42.433  INFO 21376 --- [    Test worker] o.s.t.web.servlet.TestDispatcherServlet  : Completed initialization in 2 ms
2021-04-27 18:10:42.661  INFO 21376 --- [    Test worker] o.s.b.t.m.w.SpringBootMockServletContext : Initializing Spring TestDispatcherServlet ''
2021-04-27 18:10:42.661  INFO 21376 --- [    Test worker] o.s.t.web.servlet.TestDispatcherServlet  : Initializing Servlet ''
2021-04-27 18:10:42.663  INFO 21376 --- [    Test worker] o.s.t.web.servlet.TestDispatcherServlet  : Completed initialization in 2 ms
2021-04-27 18:10:42.684  INFO 21376 --- [    Test worker] o.s.b.t.m.w.SpringBootMockServletContext : Initializing Spring TestDispatcherServlet ''
2021-04-27 18:10:42.684  INFO 21376 --- [    Test worker] o.s.t.web.servlet.TestDispatcherServlet  : Initializing Servlet ''
2021-04-27 18:10:42.687  INFO 21376 --- [    Test worker] o.s.t.web.servlet.TestDispatcherServlet  : Completed initialization in 3 ms
2021-04-27 18:10:42.815  INFO 21376 --- [    Test worker] o.s.b.t.m.w.SpringBootMockServletContext : Initializing Spring TestDispatcherServlet ''
2021-04-27 18:10:42.815  INFO 21376 --- [    Test worker] o.s.t.web.servlet.TestDispatcherServlet  : Initializing Servlet ''
2021-04-27 18:10:42.817  INFO 21376 --- [    Test worker] o.s.t.web.servlet.TestDispatcherServlet  : Completed initialization in 2 ms
2021-04-27 18:10:42.835  INFO 21376 --- [    Test worker] o.s.b.t.m.w.SpringBootMockServletContext : Initializing Spring TestDispatcherServlet ''
2021-04-27 18:10:42.835  INFO 21376 --- [    Test worker] o.s.t.web.servlet.TestDispatcherServlet  : Initializing Servlet ''
2021-04-27 18:10:42.836  INFO 21376 --- [    Test worker] o.s.t.web.servlet.TestDispatcherServlet  : Completed initialization in 1 ms
2021-04-27 18:10:42.900  INFO 21376 --- [    Test worker] o.s.b.t.m.w.SpringBootMockServletContext : Initializing Spring TestDispatcherServlet ''
2021-04-27 18:10:42.901  INFO 21376 --- [    Test worker] o.s.t.web.servlet.TestDispatcherServlet  : Initializing Servlet ''
2021-04-27 18:10:42.902  INFO 21376 --- [    Test worker] o.s.t.web.servlet.TestDispatcherServlet  : Completed initialization in 1 ms
2021-04-27 18:10:42.985  INFO 21376 --- [    Test worker] o.s.b.t.m.w.SpringBootMockServletContext : Initializing Spring TestDispatcherServlet ''
2021-04-27 18:10:42.985  INFO 21376 --- [    Test worker] o.s.t.web.servlet.TestDispatcherServlet  : Initializing Servlet ''
2021-04-27 18:10:42.988  INFO 21376 --- [    Test worker] o.s.t.web.servlet.TestDispatcherServlet  : Completed initialization in 3 ms
2021-04-27 18:10:43.045  INFO 21376 --- [    Test worker] o.s.b.t.m.w.SpringBootMockServletContext : Initializing Spring TestDispatcherServlet ''
2021-04-27 18:10:43.045  INFO 21376 --- [    Test worker] o.s.t.web.servlet.TestDispatcherServlet  : Initializing Servlet ''
2021-04-27 18:10:43.048  INFO 21376 --- [    Test worker] o.s.t.web.servlet.TestDispatcherServlet  : Completed initialization in 3 ms
2021-04-27 18:10:43.066  INFO 21376 --- [    Test worker] o.s.b.t.m.w.SpringBootMockServletContext : Initializing Spring TestDispatcherServlet ''
2021-04-27 18:10:43.066  INFO 21376 --- [    Test worker] o.s.t.web.servlet.TestDispatcherServlet  : Initializing Servlet ''
2021-04-27 18:10:43.067  INFO 21376 --- [    Test worker] o.s.t.web.servlet.TestDispatcherServlet  : Completed initialization in 1 ms
]]></system-out>
  <system-err><![CDATA[]]></system-err>
</testsuite>
