<?xml version="1.0" encoding="UTF-8"?>
<testsuite name="com.store.walmart.RecommendationControllerUnitTest" tests="1" skipped="0" failures="0" errors="0" timestamp="2021-04-27T22:10:45" hostname="DESKTOP-JQ39NDF" time="0.082">
  <properties/>
  <testcase name="should_get_recommendation_for_user_with_200_ok()" classname="com.store.walmart.RecommendationControllerUnitTest" time="0.082"/>
  <system-out><![CDATA[2021-04-27 18:10:43.089  INFO 21376 --- [    Test worker] .b.t.c.SpringBootTestContextBootstrapper : Neither @ContextConfiguration nor @ContextHierarchy found for test class [com.store.walmart.RecommendationControllerUnitTest], using SpringBootContextLoader
2021-04-27 18:10:43.091  INFO 21376 --- [    Test worker] o.s.t.c.support.AbstractContextLoader    : Could not detect default resource locations for test class [com.store.walmart.RecommendationControllerUnitTest]: no resource found for suffixes {-context.xml, Context.groovy}.
2021-04-27 18:10:43.103  INFO 21376 --- [    Test worker] .b.t.c.SpringBootTestContextBootstrapper : Loaded default TestExecutionListener class names from location [META-INF/spring.factories]: [org.springframework.boot.test.autoconfigure.restdocs.RestDocsTestExecutionListener, org.springframework.boot.test.autoconfigure.web.client.MockRestServiceServerResetTestExecutionListener, org.springframework.boot.test.autoconfigure.web.servlet.MockMvcPrintOnlyOnFailureTestExecutionListener, org.springframework.boot.test.autoconfigure.web.servlet.WebDriverTestExecutionListener, org.springframework.boot.test.autoconfigure.webservices.client.MockWebServiceServerTestExecutionListener, org.springframework.boot.test.mock.mockito.MockitoTestExecutionListener, org.springframework.boot.test.mock.mockito.ResetMocksTestExecutionListener, org.springframework.test.context.web.ServletTestExecutionListener, org.springframework.test.context.support.DirtiesContextBeforeModesTestExecutionListener, org.springframework.test.context.event.ApplicationEventsTestExecutionListener, org.springframework.test.context.support.DependencyInjectionTestExecutionListener, org.springframework.test.context.support.DirtiesContextTestExecutionListener, org.springframework.test.context.transaction.TransactionalTestExecutionListener, org.springframework.test.context.jdbc.SqlScriptsTestExecutionListener, org.springframework.test.context.event.EventPublishingTestExecutionListener]
2021-04-27 18:10:43.105  INFO 21376 --- [    Test worker] .b.t.c.SpringBootTestContextBootstrapper : Using TestExecutionListeners: [org.springframework.test.context.web.ServletTestExecutionListener@450763ed, org.springframework.test.context.support.DirtiesContextBeforeModesTestExecutionListener@3de195ab, org.springframework.test.context.event.ApplicationEventsTestExecutionListener@1f294a9f, org.springframework.boot.test.mock.mockito.MockitoTestExecutionListener@2fa82a44, org.springframework.boot.test.autoconfigure.SpringBootDependencyInjectionTestExecutionListener@51ce3c57, org.springframework.test.context.support.DirtiesContextTestExecutionListener@60b3b708, org.springframework.test.context.transaction.TransactionalTestExecutionListener@359b7433, org.springframework.test.context.jdbc.SqlScriptsTestExecutionListener@5b0f82ce, org.springframework.test.context.event.EventPublishingTestExecutionListener@7b03217c, org.springframework.boot.test.autoconfigure.restdocs.RestDocsTestExecutionListener@6f5d2e3, org.springframework.boot.test.autoconfigure.web.client.MockRestServiceServerResetTestExecutionListener@682114e2, org.springframework.boot.test.autoconfigure.web.servlet.MockMvcPrintOnlyOnFailureTestExecutionListener@4f1ff2da, org.springframework.boot.test.autoconfigure.web.servlet.WebDriverTestExecutionListener@2d753284, org.springframework.boot.test.autoconfigure.webservices.client.MockWebServiceServerTestExecutionListener@53f9f03, org.springframework.boot.test.mock.mockito.ResetMocksTestExecutionListener@65d91d42]

  .   ____          _            __ _ _
 /\\ / ___'_ __ _ _(_)_ __  __ _ \ \ \ \
( ( )\___ | '_ | '_| | '_ \/ _` | \ \ \ \
 \\/  ___)| |_)| | | | | || (_| |  ) ) ) )
  '  |____| .__|_| |_|_| |_\__, | / / / /
 =========|_|==============|___/=/_/_/_/
 :: Spring Boot ::                (v2.4.5)

2021-04-27 18:10:43.175  INFO 21376 --- [    Test worker] c.s.w.RecommendationControllerUnitTest   : Starting RecommendationControllerUnitTest using Java 1.8.0_291 on DESKTOP-JQ39NDF with PID 21376 (started by cjlin in C:\Users\cjlin\Downloads\walmart-20210427T203853Z-001\walmart)
2021-04-27 18:10:43.179  INFO 21376 --- [    Test worker] c.s.w.RecommendationControllerUnitTest   : No active profile set, falling back to default profiles: default
2021-04-27 18:10:43.614  INFO 21376 --- [    Test worker] .s.d.r.c.RepositoryConfigurationDelegate : Bootstrapping Spring Data JPA repositories in DEFAULT mode.
2021-04-27 18:10:43.679  INFO 21376 --- [    Test worker] .s.d.r.c.RepositoryConfigurationDelegate : Finished Spring Data repository scanning in 63 ms. Found 4 JPA repository interfaces.
2021-04-27 18:10:44.237  INFO 21376 --- [    Test worker] com.zaxxer.hikari.HikariDataSource       : HikariPool-2 - Starting...
2021-04-27 18:10:44.239  INFO 21376 --- [    Test worker] com.zaxxer.hikari.HikariDataSource       : HikariPool-2 - Start completed.
2021-04-27 18:10:44.291  INFO 21376 --- [    Test worker] o.hibernate.jpa.internal.util.LogHelper  : HHH000204: Processing PersistenceUnitInfo [name: default]
2021-04-27 18:10:44.302  INFO 21376 --- [    Test worker] org.hibernate.dialect.Dialect            : HHH000400: Using dialect: org.hibernate.dialect.H2Dialect
2021-04-27 18:10:44.352  WARN 21376 --- [    Test worker] org.hibernate.mapping.RootClass          : HHH000038: Composite-id class does not override equals(): com.store.walmart.entity.OrderLinesId
2021-04-27 18:10:44.352  WARN 21376 --- [    Test worker] org.hibernate.mapping.RootClass          : HHH000039: Composite-id class does not override hashCode(): com.store.walmart.entity.OrderLinesId
2021-04-27 18:10:44.421  INFO 21376 --- [    Test worker] o.h.e.t.j.p.i.JtaPlatformInitiator       : HHH000490: Using JtaPlatform implementation: [org.hibernate.engine.transaction.jta.platform.internal.NoJtaPlatform]
2021-04-27 18:10:44.421  INFO 21376 --- [    Test worker] j.LocalContainerEntityManagerFactoryBean : Initialized JPA EntityManagerFactory for persistence unit 'default'
2021-04-27 18:10:45.001  WARN 21376 --- [    Test worker] JpaBaseConfiguration$JpaWebConfiguration : spring.jpa.open-in-view is enabled by default. Therefore, database queries may be performed during view rendering. Explicitly configure spring.jpa.open-in-view to disable this warning
2021-04-27 18:10:45.283  INFO 21376 --- [    Test worker] o.s.s.concurrent.ThreadPoolTaskExecutor  : Initializing ExecutorService 'applicationTaskExecutor'
2021-04-27 18:10:45.322  INFO 21376 --- [    Test worker] o.s.b.a.h2.H2ConsoleAutoConfiguration    : H2 console available at '/h2-console'. Database available at 'jdbc:h2:mem:ordermanagement'
2021-04-27 18:10:45.909  INFO 21376 --- [    Test worker] c.s.w.RecommendationControllerUnitTest   : Started RecommendationControllerUnitTest in 2.801 seconds (JVM running for 18.779)
2021-04-27 18:10:45.923  INFO 21376 --- [    Test worker] o.s.b.t.m.w.SpringBootMockServletContext : Initializing Spring TestDispatcherServlet ''
2021-04-27 18:10:45.923  INFO 21376 --- [    Test worker] o.s.t.web.servlet.TestDispatcherServlet  : Initializing Servlet ''
2021-04-27 18:10:45.925  INFO 21376 --- [    Test worker] o.s.t.web.servlet.TestDispatcherServlet  : Completed initialization in 1 ms
]]></system-out>
  <system-err><![CDATA[]]></system-err>
</testsuite>
