<?xml version="1.0" encoding="UTF-8"?>
<testsuite name="com.store.walmart.WalmartApplicationTests" tests="1" skipped="0" failures="0" errors="0" timestamp="2021-04-27T22:10:46" hostname="DESKTOP-JQ39NDF" time="0.007">
  <properties/>
  <testcase name="contextLoads()" classname="com.store.walmart.WalmartApplicationTests" time="0.007"/>
  <system-out><![CDATA[2021-04-27 18:10:46.003  INFO 21376 --- [    Test worker] .b.t.c.SpringBootTestContextBootstrapper : Neither @ContextConfiguration nor @ContextHierarchy found for test class [com.store.walmart.WalmartApplicationTests], using SpringBootContextLoader
2021-04-27 18:10:46.005  INFO 21376 --- [    Test worker] o.s.t.c.support.AbstractContextLoader    : Could not detect default resource locations for test class [com.store.walmart.WalmartApplicationTests]: no resource found for suffixes {-context.xml, Context.groovy}.
2021-04-27 18:10:46.007  INFO 21376 --- [    Test worker] t.c.s.AnnotationConfigContextLoaderUtils : Could not detect default configuration classes for test class [com.store.walmart.WalmartApplicationTests]: WalmartApplicationTests does not declare any static, non-private, non-final, nested classes annotated with @Configuration.
2021-04-27 18:10:46.025  INFO 21376 --- [    Test worker] .b.t.c.SpringBootTestContextBootstrapper : Found @SpringBootConfiguration com.store.walmart.WalmartApplication for test class com.store.walmart.WalmartApplicationTests
2021-04-27 18:10:46.029  INFO 21376 --- [    Test worker] .b.t.c.SpringBootTestContextBootstrapper : Loaded default TestExecutionListener class names from location [META-INF/spring.factories]: [org.springframework.boot.test.autoconfigure.restdocs.RestDocsTestExecutionListener, org.springframework.boot.test.autoconfigure.web.client.MockRestServiceServerResetTestExecutionListener, org.springframework.boot.test.autoconfigure.web.servlet.MockMvcPrintOnlyOnFailureTestExecutionListener, org.springframework.boot.test.autoconfigure.web.servlet.WebDriverTestExecutionListener, org.springframework.boot.test.autoconfigure.webservices.client.MockWebServiceServerTestExecutionListener, org.springframework.boot.test.mock.mockito.MockitoTestExecutionListener, org.springframework.boot.test.mock.mockito.ResetMocksTestExecutionListener, org.springframework.test.context.web.ServletTestExecutionListener, org.springframework.test.context.support.DirtiesContextBeforeModesTestExecutionListener, org.springframework.test.context.event.ApplicationEventsTestExecutionListener, org.springframework.test.context.support.DependencyInjectionTestExecutionListener, org.springframework.test.context.support.DirtiesContextTestExecutionListener, org.springframework.test.context.transaction.TransactionalTestExecutionListener, org.springframework.test.context.jdbc.SqlScriptsTestExecutionListener, org.springframework.test.context.event.EventPublishingTestExecutionListener]
2021-04-27 18:10:46.029  INFO 21376 --- [    Test worker] .b.t.c.SpringBootTestContextBootstrapper : Using TestExecutionListeners: [org.springframework.test.context.web.ServletTestExecutionListener@46942778, org.springframework.test.context.support.DirtiesContextBeforeModesTestExecutionListener@7f0a2063, org.springframework.test.context.event.ApplicationEventsTestExecutionListener@5b3cd3aa, org.springframework.boot.test.mock.mockito.MockitoTestExecutionListener@4299c268, org.springframework.boot.test.autoconfigure.SpringBootDependencyInjectionTestExecutionListener@25d192a4, org.springframework.test.context.support.DirtiesContextTestExecutionListener@bf6a745, org.springframework.test.context.transaction.TransactionalTestExecutionListener@366a8412, org.springframework.test.context.jdbc.SqlScriptsTestExecutionListener@3aec8a35, org.springframework.test.context.event.EventPublishingTestExecutionListener@13017b7e, org.springframework.boot.test.autoconfigure.restdocs.RestDocsTestExecutionListener@2d732ad4, org.springframework.boot.test.autoconfigure.web.client.MockRestServiceServerResetTestExecutionListener@4f5b717c, org.springframework.boot.test.autoconfigure.web.servlet.MockMvcPrintOnlyOnFailureTestExecutionListener@11b8e780, org.springframework.boot.test.autoconfigure.web.servlet.WebDriverTestExecutionListener@9fab442, org.springframework.boot.test.autoconfigure.webservices.client.MockWebServiceServerTestExecutionListener@3d6b0a23, org.springframework.boot.test.mock.mockito.ResetMocksTestExecutionListener@292f4c63]
]]></system-out>
  <system-err><![CDATA[]]></system-err>
</testsuite>
